#
# A fatal error has been detected by the Java Runtime Environment:
#
#  EXCEPTION_ACCESS_VIOLATION (0xc0000005) at pc=0x000000005b15b2ac, pid=6468, tid=6332
#
# JRE version: Java(TM) SE Runtime Environment (7.0_45-b18) (build 1.7.0_45-b18)
# Java VM: Java HotSpot(TM) 64-Bit Server VM (24.45-b08 mixed mode windows-amd64 compressed oops)
# Problematic frame:
# V  [jvm.dll+0x11b2ac]
#
# Failed to write core dump. Minidumps are not enabled by default on client versions of Windows
#
# If you would like to submit a bug report, please visit:
#   http://bugreport.sun.com/bugreport/crash.jsp
#

---------------  T H R E A D  ---------------

Current thread (0x000000000a54e000):  JavaThread "Thread-2" [_thread_in_vm, id=6332, stack(0x000000000c4a0000,0x000000000c5a0000)]

siginfo: ExceptionCode=0xc0000005, reading address 0x0000000000000000

Registers:
RAX=0x0000000000000000, RBX=0x000000000a54e000, RCX=0x0000000000000e00, RDX=0x0000000000000000
RSP=0x000000000c59f0c0, RBP=0x000000000c59f240, RSI=0x0000000000000000, RDI=0x0000000000000000
R8 =0x0000000000000000, R9 =0x00000000ec0eb270, R10=0x000000000000000a, R11=0x000000005b78ba20
R12=0x000000000b6d43f8, R13=0x00000000bd630d08, R14=0x0000000000000000, R15=0x000000000a54e000
RIP=0x000000005b15b2ac, EFLAGS=0x0000000000010246

Top of Stack: (sp=0x000000000c59f0c0)
0x000000000c59f0c0:   00000000ec0ebca8 000000000c59f0c8
0x000000000c59f0d0:   00000000bd73d1e2 000000000c59f120
0x000000000c59f0e0:   000000000a54e000 0000000000000000
0x000000000c59f0f0:   00000000bd73d208 0000000000000000
0x000000000c59f100:   000000000c59f240 00000000bd630d08
0x000000000c59f110:   000000000b6d43f8 000000006d58204d
0x000000000c59f120:   000000000a54e1e8 000000000c59f240
0x000000000c59f130:   0000000000000000 0000000000000000
0x000000000c59f140:   00000000bd72e121 000000000c59f190
0x000000000c59f150:   00000000bd74e128 0000000000000000
0x000000000c59f160:   00000000bd630d10 00000000bd74d110
0x000000000c59f170:   0000000000000000 000000000c59f218
0x000000000c59f180:   0000000000000000 0000000002c03acf
0x000000000c59f190:   00000000ec0ebc48 000000000c59f198
0x000000000c59f1a0:   00000000bd72b062 000000000c59f1f0
0x000000000c59f1b0:   00000000bd74e408 0000000000000000 

Instructions: (pc=0x000000005b15b2ac)
0x000000005b15b28c:   00 00 06 00 00 00 48 89 5c 24 20 48 89 7c 24 28
0x000000005b15b29c:   48 39 7b 08 74 0a 48 8d 4c 24 20 e8 24 fa 10 00
0x000000005b15b2ac:   48 8b 36 48 8b ce e8 b9 90 f3 ff 40 38 3d c2 19
0x000000005b15b2bc:   63 00 4c 63 e0 74 0a 33 c9 e8 06 d1 12 00 48 8b 


Register to memory mapping:

RAX=0x0000000000000000 is an unknown value
RBX=0x000000000a54e000 is a thread
RCX=0x0000000000000e00 is an unknown value
RDX=0x0000000000000000 is an unknown value
RSP=0x000000000c59f0c0 is pointing into the stack for thread: 0x000000000a54e000
RBP=0x000000000c59f240 is pointing into the stack for thread: 0x000000000a54e000
RSI=0x0000000000000000 is an unknown value
RDI=0x0000000000000000 is an unknown value
R8 =0x0000000000000000 is an unknown value
R9 =0x00000000ec0eb270 is an oop
org.sqlite.core.NativeDB 
 - klass: 'org/sqlite/core/NativeDB'
R10=0x000000000000000a is an unknown value
R11=0x000000005b78ba20 is an unknown value
R12=0x000000000b6d43f8 is an unknown value
R13=0x00000000bd630d08 is pointing into object: 0x00000000bd630cc8
{constMethod} 
 - klass: {other class}
 - constants:       0x00000000bd62fdc8 constant pool [163] for 'org/sqlite/core/NativeDB' cache=0x00000000bd6b3340
R14=0x0000000000000000 is an unknown value
R15=0x000000000a54e000 is a thread


Stack: [0x000000000c4a0000,0x000000000c5a0000],  sp=0x000000000c59f0c0,  free space=1020k
Native frames: (J=compiled Java code, j=interpreted, Vv=VM code, C=native code)
V  [jvm.dll+0x11b2ac]

Java frames: (J=compiled Java code, j=interpreted, Vv=VM code)
j  org.sqlite.core.NativeDB.prepare(Ljava/lang/String;)J+0
j  org.sqlite.core.DB.prepare(Lorg/sqlite/core/CoreStatement;)V+21
j  org.sqlite.jdbc3.JDBC3Statement.execute(Ljava/lang/String;)Z+35
j  com.vollyball.db.Setup.executeQuery(Ljava/lang/String;Lcom/vollyball/enums/SetupEnum;I)Z+24
j  com.vollyball.db.Setup.createPlayersTable()V+11
j  com.vollyball.db.Setup.run()V+27
v  ~StubRoutines::call_stub

---------------  P R O C E S S  ---------------

Java Threads: ( => current thread )
=>0x000000000a54e000 JavaThread "Thread-2" [_thread_in_vm, id=6332, stack(0x000000000c4a0000,0x000000000c5a0000)]
  0x000000000bc2c800 JavaThread "Image Animator 3" daemon [_thread_blocked, id=980, stack(0x000000000c3a0000,0x000000000c4a0000)]
  0x000000000a478000 JavaThread "TimerQueue" daemon [_thread_blocked, id=4792, stack(0x000000000baa0000,0x000000000bba0000)]
  0x0000000002a22800 JavaThread "DestroyJavaVM" [_thread_blocked, id=2260, stack(0x00000000028d0000,0x00000000029d0000)]
  0x000000000a363000 JavaThread "AWT-EventQueue-0" [_thread_blocked, id=976, stack(0x000000000b0c0000,0x000000000b1c0000)]
  0x000000000a221000 JavaThread "AWT-Windows" daemon [_thread_in_native, id=6640, stack(0x000000000aa40000,0x000000000ab40000)]
  0x000000000a220800 JavaThread "AWT-Shutdown" [_thread_blocked, id=6344, stack(0x000000000a940000,0x000000000aa40000)]
  0x00000000088f5800 JavaThread "Java2D Disposer" daemon [_thread_blocked, id=1820, stack(0x000000000a840000,0x000000000a940000)]
  0x00000000088be800 JavaThread "Service Thread" daemon [_thread_blocked, id=3908, stack(0x000000000a010000,0x000000000a110000)]
  0x00000000088ad800 JavaThread "C2 CompilerThread1" daemon [_thread_blocked, id=1572, stack(0x0000000009f10000,0x000000000a010000)]
  0x00000000088ac000 JavaThread "C2 CompilerThread0" daemon [_thread_blocked, id=1588, stack(0x0000000009e10000,0x0000000009f10000)]
  0x00000000088ab000 JavaThread "Attach Listener" daemon [_thread_blocked, id=2672, stack(0x0000000009d10000,0x0000000009e10000)]
  0x00000000088a8000 JavaThread "Signal Dispatcher" daemon [_thread_blocked, id=2268, stack(0x0000000009c10000,0x0000000009d10000)]
  0x0000000008872000 JavaThread "Finalizer" daemon [_thread_blocked, id=5784, stack(0x0000000009b10000,0x0000000009c10000)]
  0x0000000008867000 JavaThread "Reference Handler" daemon [_thread_blocked, id=4908, stack(0x0000000009a10000,0x0000000009b10000)]

Other Threads:
  0x0000000008866000 VMThread [stack: 0x0000000009910000,0x0000000009a10000] [id=4764]
  0x00000000088df000 WatcherThread [stack: 0x000000000a110000,0x000000000a210000] [id=2044]

VM state:not at safepoint (normal execution)

VM Mutex/Monitor currently owned by a thread: None

Heap
 PSYoungGen      total 18944K, used 12836K [0x00000000eb480000, 0x00000000ec980000, 0x0000000100000000)
  eden space 16384K, 78% used [0x00000000eb480000,0x00000000ec109288,0x00000000ec480000)
  from space 2560K, 0% used [0x00000000ec700000,0x00000000ec700000,0x00000000ec980000)
  to   space 2560K, 0% used [0x00000000ec480000,0x00000000ec480000,0x00000000ec700000)
 ParOldGen       total 41984K, used 0K [0x00000000c1e00000, 0x00000000c4700000, 0x00000000eb480000)
  object space 41984K, 0% used [0x00000000c1e00000,0x00000000c1e00000,0x00000000c4700000)
 PSPermGen       total 21504K, used 11614K [0x00000000bcc00000, 0x00000000be100000, 0x00000000c1e00000)
  object space 21504K, 54% used [0x00000000bcc00000,0x00000000bd7579e0,0x00000000be100000)

Card table byte_map: [0x0000000005bf0000,0x0000000005e10000] byte_map_base: 0x000000000560a000

Polling page: 0x0000000000f30000

Code Cache  [0x0000000002bf0000, 0x0000000002e60000, 0x0000000005bf0000)
 total_blobs=488 nmethods=47 adapters=393 free_code_cache=48560Kb largest_free_block=49704896

Compilation events (10 events):
Event: 4.488 Thread 0x00000000088ad800 nmethod 43 0x0000000002c7c110 code [0x0000000002c7c240, 0x0000000002c7c2b8]
Event: 4.488 Thread 0x00000000088ad800   44  s          java.io.BufferedInputStream::read (49 bytes)
Event: 4.489 Thread 0x00000000088ac000 nmethod 42 0x0000000002c85610 code [0x0000000002c85760, 0x0000000002c859d8]
Event: 4.489 Thread 0x00000000088ad800 nmethod 44 0x0000000002c80510 code [0x0000000002c80660, 0x0000000002c80ac8]
Event: 4.490 Thread 0x00000000088ac000   45 %           org.sqlite.SQLiteJDBCLoader::contentsEquals @ 37 (78 bytes)
Event: 4.491 Thread 0x00000000088ac000 nmethod 45% 0x0000000002c850d0 code [0x0000000002c85240, 0x0000000002c85438]
Event: 4.678 Thread 0x00000000088ad800   46   !         sun.awt.image.ImageDecoder::nextConsumer (69 bytes)
Event: 4.680 Thread 0x00000000088ad800 nmethod 46 0x0000000002c7fdd0 code [0x0000000002c7ff20, 0x0000000002c80358]
Event: 4.775 Thread 0x00000000088ac000   47             java.lang.String::startsWith (72 bytes)
Event: 4.778 Thread 0x00000000088ac000 nmethod 47 0x0000000002c87390 code [0x0000000002c874e0, 0x0000000002c87678]

GC Heap History (0 events):
No events

Deoptimization events (2 events):
Event: 3.156 Thread 0x000000000a54e000 Uncommon trap: reason=bimorphic action=maybe_recompile pc=0x0000000002c82694 method=java.util.Properties$LineReader.readLine()I @ 62
Event: 3.156 Thread 0x000000000a54e000 Uncommon trap: reason=bimorphic action=maybe_recompile pc=0x0000000002c82694 method=java.util.Properties$LineReader.readLine()I @ 62

Internal exceptions (10 events):
Event: 4.506 Thread 0x000000000a54e000 Threw 0x00000000ec041c70 at C:\re\jdk7u45\229\hotspot\src\share\vm\prims\jvm.cpp:1244
Event: 4.507 Thread 0x000000000a54e000 Threw 0x00000000ec0449b8 at C:\re\jdk7u45\229\hotspot\src\share\vm\prims\jvm.cpp:1244
Event: 4.507 Thread 0x000000000a54e000 Threw 0x00000000ec047660 at C:\re\jdk7u45\229\hotspot\src\share\vm\prims\jvm.cpp:1244
Event: 4.508 Thread 0x000000000a54e000 Threw 0x00000000ec050738 at C:\re\jdk7u45\229\hotspot\src\share\vm\prims\jvm.cpp:1244
Event: 4.508 Thread 0x000000000a54e000 Threw 0x00000000ec053f28 at C:\re\jdk7u45\229\hotspot\src\share\vm\prims\jvm.cpp:1244
Event: 4.508 Thread 0x000000000a54e000 Threw 0x00000000ec058490 at C:\re\jdk7u45\229\hotspot\src\share\vm\prims\jvm.cpp:1244
Event: 4.509 Thread 0x000000000a54e000 Threw 0x00000000ec0c7458 at C:\re\jdk7u45\229\hotspot\src\share\vm\prims\jvm.cpp:1244
Event: 4.513 Thread 0x000000000a54e000 Threw 0x00000000ec0dd930 at C:\re\jdk7u45\229\hotspot\src\share\vm\prims\jvm.cpp:1244
Event: 4.515 Thread 0x000000000a54e000 Threw 0x00000000ec0e2690 at C:\re\jdk7u45\229\hotspot\src\share\vm\prims\jvm.cpp:1244
Event: 4.515 Thread 0x000000000a54e000 Threw 0x00000000ec0e51e0 at C:\re\jdk7u45\229\hotspot\src\share\vm\prims\jvm.cpp:1244

Events (10 events):
Event: 4.512 loading class 0x000000000a3eb130
Event: 4.513 loading class 0x000000000a3eb130 done
Event: 4.513 loading class 0x000000000a3eb9f0
Event: 4.513 loading class 0x000000000a3eb9f0 done
Event: 4.513 loading class 0x000000000a3651b0
Event: 4.513 loading class 0x000000000a3651b0 done
Event: 4.514 loading class 0x000000000bbb26a0
Event: 4.514 loading class 0x000000000bbb26a0 done
Event: 4.515 loading class 0x000000000a586a00
Event: 4.515 loading class 0x000000000a586a00 done


Dynamic libraries:
0x00007ff6e5ac0000 - 0x00007ff6e5af3000 	C:\Program Files\Java\jdk1.7.0_45\bin\java.exe
0x00007ffad8eb0000 - 0x00007ffad905d000 	C:\Windows\SYSTEM32\ntdll.dll
0x00007ffad6540000 - 0x00007ffad667e000 	C:\Windows\system32\KERNEL32.DLL
0x00007ffad62f0000 - 0x00007ffad6406000 	C:\Windows\system32\KERNELBASE.dll
0x00007ffad4000000 - 0x00007ffad408e000 	C:\Windows\system32\apphelp.dll
0x00007ffac9ec0000 - 0x00007ffac9f13000 	C:\Windows\AppPatch\AppPatch64\AcGenral.DLL
0x00007ffad6910000 - 0x00007ffad69ba000 	C:\Windows\system32\msvcrt.dll
0x00007ffad64c0000 - 0x00007ffad64ee000 	C:\Windows\system32\SspiCli.dll
0x00007ffad69c0000 - 0x00007ffad6a14000 	C:\Windows\system32\SHLWAPI.dll
0x00007ffad6cc0000 - 0x00007ffad6e37000 	C:\Windows\system32\USER32.dll
0x00007ffad6ad0000 - 0x00007ffad6c64000 	C:\Windows\system32\ole32.dll
0x00007ffad7250000 - 0x00007ffad877c000 	C:\Windows\system32\SHELL32.dll
0x00007ffad55a0000 - 0x00007ffad55c1000 	C:\Windows\SYSTEM32\USERENV.dll
0x00007ffad6a20000 - 0x00007ffad6aca000 	C:\Windows\system32\ADVAPI32.dll
0x00007ffacaf10000 - 0x00007ffacaf2e000 	C:\Windows\SYSTEM32\MPR.dll
0x00007ffad8af0000 - 0x00007ffad8c30000 	C:\Windows\system32\RPCRT4.dll
0x00007ffad6fa0000 - 0x00007ffad6ff9000 	C:\Windows\SYSTEM32\sechost.dll
0x00007ffad66f0000 - 0x00007ffad6902000 	C:\Windows\SYSTEM32\combase.dll
0x00007ffad89a0000 - 0x00007ffad8aeb000 	C:\Windows\system32\GDI32.dll
0x00007ffad5fe0000 - 0x00007ffad5ff5000 	C:\Windows\SYSTEM32\profapi.dll
0x00007ffad48c0000 - 0x00007ffad4972000 	C:\Windows\SYSTEM32\SHCORE.dll
0x00007ffad6c70000 - 0x00007ffad6ca6000 	C:\Windows\system32\IMM32.DLL
0x00007ffad8840000 - 0x00007ffad8991000 	C:\Windows\system32\MSCTF.dll
0x00007ffad4290000 - 0x00007ffad450b000 	C:\Windows\WinSxS\amd64_microsoft.windows.common-controls_6595b64144ccf1df_6.0.9600.18006_none_623f33d3ecbe86e8\COMCTL32.dll
0x000000005af60000 - 0x000000005b032000 	C:\Program Files\Java\jdk1.7.0_45\jre\bin\msvcr100.dll
0x000000005b040000 - 0x000000005b809000 	C:\Program Files\Java\jdk1.7.0_45\jre\bin\server\jvm.dll
0x00007ffad3610000 - 0x00007ffad3619000 	C:\Windows\SYSTEM32\WSOCK32.dll
0x00007ffad1080000 - 0x00007ffad10a2000 	C:\Windows\SYSTEM32\WINMM.dll
0x00007ffad7240000 - 0x00007ffad7247000 	C:\Windows\system32\PSAPI.DLL
0x00007ffad6e60000 - 0x00007ffad6eba000 	C:\Windows\system32\WS2_32.dll
0x00007ffad0a50000 - 0x00007ffad0a7a000 	C:\Windows\SYSTEM32\WINMMBASE.dll
0x00007ffad6ed0000 - 0x00007ffad6ed9000 	C:\Windows\system32\NSI.dll
0x00007ffad64f0000 - 0x00007ffad653f000 	C:\Windows\SYSTEM32\cfgmgr32.dll
0x00007ffad4cb0000 - 0x00007ffad4cd8000 	C:\Windows\SYSTEM32\DEVOBJ.dll
0x000000005af10000 - 0x000000005af1f000 	C:\Program Files\Java\jdk1.7.0_45\jre\bin\verify.dll
0x000000005aee0000 - 0x000000005af08000 	C:\Program Files\Java\jdk1.7.0_45\jre\bin\java.dll
0x000000005aec0000 - 0x000000005aed5000 	C:\Program Files\Java\jdk1.7.0_45\jre\bin\zip.dll
0x000000005ace0000 - 0x000000005ae75000 	C:\Program Files\Java\jdk1.7.0_45\jre\bin\awt.dll
0x00007ffad8de0000 - 0x00007ffad8ea6000 	C:\Windows\system32\OLEAUT32.dll
0x00007ffad46c0000 - 0x00007ffad46e1000 	C:\Windows\system32\DWMAPI.DLL
0x00007ffad4cf0000 - 0x00007ffad4e19000 	C:\Windows\system32\uxtheme.dll
0x00007ffad4e40000 - 0x00007ffad4e4b000 	C:\Windows\SYSTEM32\kernel.appcore.dll
0x00007ffad5eb0000 - 0x00007ffad5ebb000 	C:\Windows\SYSTEM32\CRYPTBASE.dll
0x00007ffad5de0000 - 0x00007ffad5e43000 	C:\Windows\SYSTEM32\bcryptPrimitives.dll
0x000000005ac90000 - 0x000000005acd6000 	C:\Program Files\Java\jdk1.7.0_45\jre\bin\fontmanager.dll
0x000000005aea0000 - 0x000000005aeb9000 	C:\Program Files\Java\jdk1.7.0_45\jre\bin\net.dll
0x00007ffad5810000 - 0x00007ffad5869000 	C:\Windows\system32\mswsock.dll
0x000000005ae80000 - 0x000000005ae91000 	C:\Program Files\Java\jdk1.7.0_45\jre\bin\nio.dll
0x000000005ac40000 - 0x000000005ac81000 	C:\Program Files\Java\jdk1.7.0_45\jre\bin\t2k.dll
0x00007ffad6ee0000 - 0x00007ffad6f96000 	C:\Windows\SYSTEM32\clbcatq.dll
0x00007fface3e0000 - 0x00007fface58e000 	C:\Windows\SYSTEM32\WindowsCodecs.dll
0x00007ffad5870000 - 0x00007ffad5890000 	C:\Windows\SYSTEM32\CRYPTSP.dll
0x00007ffad5490000 - 0x00007ffad54c6000 	C:\Windows\system32\rsaenh.dll
0x00007ffad5ac0000 - 0x00007ffad5ae6000 	C:\Windows\SYSTEM32\bcrypt.dll
0x00007ffacfc40000 - 0x00007ffacfc55000 	C:\Windows\system32\napinsp.dll
0x00007ffacfc20000 - 0x00007ffacfc3a000 	C:\Windows\system32\pnrpnsp.dll
0x00007ffad3870000 - 0x00007ffad388b000 	C:\Windows\system32\NLAapi.dll
0x00007ffad5610000 - 0x00007ffad56b4000 	C:\Windows\SYSTEM32\DNSAPI.dll
0x00007ffacfac0000 - 0x00007ffacfacd000 	C:\Windows\System32\winrnr.dll
0x00007ffad02d0000 - 0x00007ffad02da000 	C:\Windows\System32\rasadhlp.dll
0x00007ffad0f10000 - 0x00007ffad0f3a000 	C:\Windows\SYSTEM32\IPHLPAPI.DLL
0x00007ffad0ef0000 - 0x00007ffad0efa000 	C:\Windows\SYSTEM32\WINNSI.DLL
0x00007ffad0d00000 - 0x00007ffad0d6b000 	C:\Windows\System32\fwpuclnt.dll
0x000000006d580000 - 0x000000006d63d000 	C:\Users\nishant.vibhute.WEBACCESS\AppData\Local\Temp\sqlite-3.8.11.2-46cb8f42-7881-4fcd-8499-4211205d467f-sqlitejdbc.dll
0x00007ffad1270000 - 0x00007ffad13f9000 	C:\Windows\SYSTEM32\dbghelp.dll

VM Arguments:
jvm_args: -Dfile.encoding=UTF-8 
java_command: com.vollyball.controller.Controller
Launcher Type: SUN_STANDARD

Environment Variables:
JAVA_HOME=C:\Program Files\Java\jdk1.7.0_45
PATH=C:\ProgramData\Oracle\Java\javapath;C:\Windows\system32;C:\Windows;C:\Windows\System32\Wbem;C:\Windows\System32\WindowsPowerShell\v1.0\;C:\Program Files (x86)\PuTTY\;C:\Program Files\TortoiseSVN\bin;C:\Program Files\Microsoft SQL Server\Client SDK\ODBC\110\Tools\Binn\;C:\Program Files (x86)\Microsoft SQL Server\120\Tools\Binn\ManagementStudio\;C:\Program Files (x86)\Microsoft SQL Server\120\Tools\Binn\;C:\Program Files\Microsoft SQL Server\120\Tools\Binn\;C:\Program Files (x86)\Microsoft SQL Server\120\DTS\Binn\;C:\Program Files\Microsoft SQL Server\120\DTS\Binn\;C:\Program Files\Java\jdk1.7.0_45\bin;C:\Program Files\MySQL\MySQL Server 5.5\bin;C:\Program Files\Git\cmd;C:\Program Files\TortoiseGit\bin
USERNAME=nishant.vibhute
OS=Windows_NT
PROCESSOR_IDENTIFIER=Intel64 Family 6 Model 58 Stepping 9, GenuineIntel



---------------  S Y S T E M  ---------------

OS: Windows 8 , 64 bit Build 9200 

CPU:total 4 (4 cores per cpu, 1 threads per core) family 6 model 58 stepping 9, cmov, cx8, fxsr, mmx, sse, sse2, sse3, ssse3, sse4.1, sse4.2, popcnt, avx, aes, erms, tsc, tscinvbit, tscinv

Memory: 4k page, physical 4066508k(1361664k free), swap 6749720k(2968556k free)

vm_info: Java HotSpot(TM) 64-Bit Server VM (24.45-b08) for windows-amd64 JRE (1.7.0_45-b18), built on Oct  8 2013 05:47:22 by "java_re" with unknown MS VC++:1600

time: Wed May 16 12:20:09 2018
elapsed time: 4 seconds

