#
# A fatal error has been detected by the Java Runtime Environment:
#
#  EXCEPTION_ACCESS_VIOLATION (0xc0000005) at pc=0x00000000624eb2ac, pid=1896, tid=5184
#
# JRE version: Java(TM) SE Runtime Environment (7.0_45-b18) (build 1.7.0_45-b18)
# Java VM: Java HotSpot(TM) 64-Bit Server VM (24.45-b08 mixed mode windows-amd64 compressed oops)
# Problematic frame:
# V  [jvm.dll+0x11b2ac]
#
# Failed to write core dump. Minidumps are not enabled by default on client versions of Windows
#
# If you would like to submit a bug report, please visit:
#   http://bugreport.sun.com/bugreport/crash.jsp
#

---------------  T H R E A D  ---------------

Current thread (0x000000000c117000):  JavaThread "AWT-EventQueue-0" [_thread_in_vm, id=5184, stack(0x000000000cec0000,0x000000000cfc0000)]

siginfo: ExceptionCode=0xc0000005, reading address 0x0000000000000000

Registers:
RAX=0x0000000000000000, RBX=0x000000000c117000, RCX=0x0000000000000700, RDX=0x0000000000000000
RSP=0x000000000cfbcd00, RBP=0x000000000cfbce80, RSI=0x0000000000000000, RDI=0x0000000000000000
R8 =0x0000000000000000, R9 =0x00000007d6fab1b0, R10=0x0000000000000004, R11=0x0000000062b1ba20
R12=0x000000000d42d628, R13=0x000000077d51bfd0, R14=0x0000000000000000, R15=0x000000000c117000
RIP=0x00000000624eb2ac, EFLAGS=0x0000000000010246

Top of Stack: (sp=0x000000000cfbcd00)
0x000000000cfbcd00:   00000007d6fabbd8 00000007d6fabc40
0x000000000cfbcd10:   000000000cfbcd10 000000077d6b0382
0x000000000cfbcd20:   000000000c117000 0000000000000000
0x000000000cfbcd30:   0000000000000000 000000077d6b03a8
0x000000000cfbcd40:   000000000cfbce80 000000077d51bfd0
0x000000000cfbcd50:   000000000d42d628 000000006d58204d
0x000000000cfbcd60:   000000000c1171e8 000000000cfbce80
0x000000000cfbcd70:   0000000000000000 00000000555c0557
0x000000000cfbcd80:   000000000cfbcdc8 000000077d6ba910
0x000000000cfbcd90:   0000000000000000 000000077d6a6d70
0x000000000cfbcda0:   000000077d51bfd8 00000000efad6d8f
0x000000000cfbcdb0:   00000000555c0557 000000000cfbce58
0x000000000cfbcdc0:   0000000000000000 00000000023a3ad2
0x000000000cfbcdd0:   00000007d6fabc40 00000007d6fabbd8
0x000000000cfbcde0:   000000000cfbcde0 000000077d697c89
0x000000000cfbcdf0:   000000000cfbce38 000000077d6b7c90 

Instructions: (pc=0x00000000624eb2ac)
0x00000000624eb28c:   00 00 06 00 00 00 48 89 5c 24 20 48 89 7c 24 28
0x00000000624eb29c:   48 39 7b 08 74 0a 48 8d 4c 24 20 e8 24 fa 10 00
0x00000000624eb2ac:   48 8b 36 48 8b ce e8 b9 90 f3 ff 40 38 3d c2 19
0x00000000624eb2bc:   63 00 4c 63 e0 74 0a 33 c9 e8 06 d1 12 00 48 8b 


Register to memory mapping:

RAX=0x0000000000000000 is an unknown value
RBX=0x000000000c117000 is a thread
RCX=0x0000000000000700 is an unknown value
RDX=0x0000000000000000 is an unknown value
RSP=0x000000000cfbcd00 is pointing into the stack for thread: 0x000000000c117000
RBP=0x000000000cfbce80 is pointing into the stack for thread: 0x000000000c117000
RSI=0x0000000000000000 is an unknown value
RDI=0x0000000000000000 is an unknown value
R8 =0x0000000000000000 is an unknown value
R9 =0x00000007d6fab1b0 is an oop
org.sqlite.core.NativeDB 
 - klass: 'org/sqlite/core/NativeDB'
R10=0x0000000000000004 is an unknown value
R11=0x0000000062b1ba20 is an unknown value
R12=0x000000000d42d628 is an unknown value
R13=0x000000077d51bfd0 is pointing into object: 0x000000077d51bf90
{constMethod} 
 - klass: {other class}
 - constants:       0x000000077d51b090 constant pool [163] for 'org/sqlite/core/NativeDB' cache=0x000000077d615888
R14=0x0000000000000000 is an unknown value
R15=0x000000000c117000 is a thread


Stack: [0x000000000cec0000,0x000000000cfc0000],  sp=0x000000000cfbcd00,  free space=1011k
Native frames: (J=compiled Java code, j=interpreted, Vv=VM code, C=native code)
V  [jvm.dll+0x11b2ac]

Java frames: (J=compiled Java code, j=interpreted, Vv=VM code)
j  org.sqlite.core.NativeDB.prepare(Ljava/lang/String;)J+0
j  org.sqlite.core.DB.prepare(Lorg/sqlite/core/CoreStatement;)V+21
j  org.sqlite.core.CorePreparedStatement.<init>(Lorg/sqlite/SQLiteConnection;Ljava/lang/String;)V+15
j  org.sqlite.jdbc3.JDBC3PreparedStatement.<init>(Lorg/sqlite/SQLiteConnection;Ljava/lang/String;)V+3
j  org.sqlite.jdbc4.JDBC4PreparedStatement.<init>(Lorg/sqlite/SQLiteConnection;Ljava/lang/String;)V+3
j  org.sqlite.jdbc4.JDBC4Connection.prepareStatement(Ljava/lang/String;III)Ljava/sql/PreparedStatement;+21
j  org.sqlite.jdbc3.JDBC3Connection.prepareStatement(Ljava/lang/String;II)Ljava/sql/PreparedStatement;+5
j  org.sqlite.jdbc3.JDBC3Connection.prepareStatement(Ljava/lang/String;)Ljava/sql/PreparedStatement;+8
j  com.vollyball.dao.MatchDao.isTeamSelected(I)I+22
j  com.vollyball.panels.PanMatchEvaluationHome.<init>(I)V+101
j  com.vollyball.dialog.CreateMatchEvaluationDialog.createPane()Ljava/awt/Container;+8
j  com.vollyball.dialog.CreateMatchEvaluationDialog.init()V+34
j  com.vollyball.panels.PanMatchRow.jPanel1MouseClicked(Ljava/awt/event/MouseEvent;)V+17
j  com.vollyball.panels.PanMatchRow.access$000(Lcom/vollyball/panels/PanMatchRow;Ljava/awt/event/MouseEvent;)V+2
j  com.vollyball.panels.PanMatchRow$1.mouseClicked(Ljava/awt/event/MouseEvent;)V+5
j  java.awt.Component.processMouseEvent(Ljava/awt/event/MouseEvent;)V+74
j  javax.swing.JComponent.processMouseEvent(Ljava/awt/event/MouseEvent;)V+23
j  java.awt.Component.processEvent(Ljava/awt/AWTEvent;)V+81
j  java.awt.Container.processEvent(Ljava/awt/AWTEvent;)V+18
j  java.awt.Component.dispatchEventImpl(Ljava/awt/AWTEvent;)V+581
j  java.awt.Container.dispatchEventImpl(Ljava/awt/AWTEvent;)V+42
j  java.awt.Component.dispatchEvent(Ljava/awt/AWTEvent;)V+2
j  java.awt.LightweightDispatcher.retargetMouseEvent(Ljava/awt/Component;ILjava/awt/event/MouseEvent;)V+327
j  java.awt.LightweightDispatcher.processMouseEvent(Ljava/awt/event/MouseEvent;)Z+157
j  java.awt.LightweightDispatcher.dispatchEvent(Ljava/awt/AWTEvent;)Z+50
j  java.awt.Container.dispatchEventImpl(Ljava/awt/AWTEvent;)V+12
j  java.awt.Window.dispatchEventImpl(Ljava/awt/AWTEvent;)V+19
j  java.awt.Component.dispatchEvent(Ljava/awt/AWTEvent;)V+2
j  java.awt.EventQueue.dispatchEventImpl(Ljava/awt/AWTEvent;Ljava/lang/Object;)V+41
j  java.awt.EventQueue.access$200(Ljava/awt/EventQueue;Ljava/awt/AWTEvent;Ljava/lang/Object;)V+3
j  java.awt.EventQueue$3.run()Ljava/lang/Void;+12
j  java.awt.EventQueue$3.run()Ljava/lang/Object;+1
v  ~StubRoutines::call_stub
j  java.security.AccessController.doPrivileged(Ljava/security/PrivilegedAction;Ljava/security/AccessControlContext;)Ljava/lang/Object;+0
j  java.security.ProtectionDomain$1.doIntersectionPrivilege(Ljava/security/PrivilegedAction;Ljava/security/AccessControlContext;Ljava/security/AccessControlContext;)Ljava/lang/Object;+28
j  java.security.ProtectionDomain$1.doIntersectionPrivilege(Ljava/security/PrivilegedAction;Ljava/security/AccessControlContext;)Ljava/lang/Object;+6
j  java.awt.EventQueue$4.run()Ljava/lang/Void;+11
j  java.awt.EventQueue$4.run()Ljava/lang/Object;+1
v  ~StubRoutines::call_stub
j  java.security.AccessController.doPrivileged(Ljava/security/PrivilegedAction;Ljava/security/AccessControlContext;)Ljava/lang/Object;+0
j  java.security.ProtectionDomain$1.doIntersectionPrivilege(Ljava/security/PrivilegedAction;Ljava/security/AccessControlContext;Ljava/security/AccessControlContext;)Ljava/lang/Object;+28
j  java.awt.EventQueue.dispatchEvent(Ljava/awt/AWTEvent;)V+73
j  java.awt.EventDispatchThread.pumpOneEventForFilters(I)V+245
j  java.awt.EventDispatchThread.pumpEventsForFilter(ILjava/awt/Conditional;Ljava/awt/EventFilter;)V+35
j  java.awt.EventDispatchThread.pumpEventsForHierarchy(ILjava/awt/Conditional;Ljava/awt/Component;)V+11
j  java.awt.EventDispatchThread.pumpEvents(ILjava/awt/Conditional;)V+4
j  java.awt.EventDispatchThread.pumpEvents(Ljava/awt/Conditional;)V+3
j  java.awt.EventDispatchThread.run()V+9
v  ~StubRoutines::call_stub

---------------  P R O C E S S  ---------------

Java Threads: ( => current thread )
  0x000000000c115800 JavaThread "TimerQueue" daemon [_thread_blocked, id=5084, stack(0x000000000d900000,0x000000000da00000)]
  0x000000000c116000 JavaThread "DestroyJavaVM" [_thread_blocked, id=3420, stack(0x0000000000990000,0x0000000000a90000)]
=>0x000000000c117000 JavaThread "AWT-EventQueue-0" [_thread_in_vm, id=5184, stack(0x000000000cec0000,0x000000000cfc0000)]
  0x000000000c118800 JavaThread "AWT-Windows" daemon [_thread_in_native, id=2800, stack(0x000000000c840000,0x000000000c940000)]
  0x000000000c114800 JavaThread "AWT-Shutdown" [_thread_blocked, id=4948, stack(0x000000000c740000,0x000000000c840000)]
  0x000000000c117800 JavaThread "Java2D Disposer" daemon [_thread_blocked, id=2056, stack(0x000000000c640000,0x000000000c740000)]
  0x000000000a678800 JavaThread "Service Thread" daemon [_thread_blocked, id=1956, stack(0x000000000bdd0000,0x000000000bed0000)]
  0x000000000a66d800 JavaThread "C2 CompilerThread1" daemon [_thread_blocked, id=6012, stack(0x000000000bcd0000,0x000000000bdd0000)]
  0x000000000a66b800 JavaThread "C2 CompilerThread0" daemon [_thread_blocked, id=4376, stack(0x000000000bbd0000,0x000000000bcd0000)]
  0x000000000a66a800 JavaThread "Attach Listener" daemon [_thread_blocked, id=6112, stack(0x000000000bad0000,0x000000000bbd0000)]
  0x000000000a667800 JavaThread "Signal Dispatcher" daemon [_thread_blocked, id=2968, stack(0x000000000b9d0000,0x000000000bad0000)]
  0x000000000a631000 JavaThread "Finalizer" daemon [_thread_blocked, id=3260, stack(0x000000000b8d0000,0x000000000b9d0000)]
  0x000000000a626000 JavaThread "Reference Handler" daemon [_thread_blocked, id=4032, stack(0x000000000b7d0000,0x000000000b8d0000)]

Other Threads:
  0x000000000a624800 VMThread [stack: 0x000000000b6d0000,0x000000000b7d0000] [id=3648]
  0x000000000a6a1000 WatcherThread [stack: 0x000000000bed0000,0x000000000bfd0000] [id=5792]

VM state:not at safepoint (normal execution)

VM Mutex/Monitor currently owned by a thread: None

Heap
 PSYoungGen      total 37888K, used 17200K [0x00000007d5f00000, 0x00000007d8900000, 0x0000000800000000)
  eden space 32768K, 52% used [0x00000007d5f00000,0x00000007d6fcc340,0x00000007d7f00000)
  from space 5120K, 0% used [0x00000007d8400000,0x00000007d8400000,0x00000007d8900000)
  to   space 5120K, 0% used [0x00000007d7f00000,0x00000007d7f00000,0x00000007d8400000)
 ParOldGen       total 86016K, used 0K [0x0000000781e00000, 0x0000000787200000, 0x00000007d5f00000)
  object space 86016K, 0% used [0x0000000781e00000,0x0000000781e00000,0x0000000787200000)
 PSPermGen       total 21504K, used 12513K [0x000000077cc00000, 0x000000077e100000, 0x0000000781e00000)
  object space 21504K, 58% used [0x000000077cc00000,0x000000077d838718,0x000000077e100000)

Card table byte_map: [0x0000000005450000,0x0000000005870000] byte_map_base: 0x000000000186a000

Polling page: 0x0000000000a90000

Code Cache  [0x0000000002390000, 0x0000000002600000, 0x0000000005390000)
 total_blobs=483 nmethods=42 adapters=393 free_code_cache=48567Kb largest_free_block=49710848

Compilation events (10 events):
Event: 1.786 Thread 0x000000000a66d800   38             sun.font.CMap$CMapFormat4::<init> (342 bytes)
Event: 1.825 Thread 0x000000000a66d800 nmethod 38 0x0000000002424d10 code [0x0000000002424f40, 0x0000000002426c40]
Event: 2.440 Thread 0x000000000a66b800   39             javax.swing.GroupLayout$Spring::constrain (8 bytes)
Event: 2.440 Thread 0x000000000a66b800 nmethod 39 0x000000000241dd90 code [0x000000000241dec0, 0x000000000241df38]
Event: 2.665 Thread 0x000000000a66d800   40             java.awt.Component::getTreeLock (4 bytes)
Event: 2.666 Thread 0x000000000a66d800 nmethod 40 0x000000000241db90 code [0x000000000241dcc0, 0x000000000241dd38]
Event: 2.737 Thread 0x000000000a66b800   41             java.util.HashMap::get (29 bytes)
Event: 2.742 Thread 0x000000000a66b800 nmethod 41 0x000000000241d590 code [0x000000000241d700, 0x000000000241d938]
Event: 2.753 Thread 0x000000000a66d800   42             java.awt.Container::findComponentAtImpl (315 bytes)
Event: 2.777 Thread 0x000000000a66d800 nmethod 42 0x0000000002420e10 code [0x0000000002421020, 0x0000000002421c68]

GC Heap History (0 events):
No events

Deoptimization events (2 events):
Event: 1.018 Thread 0x000000000c117000 Uncommon trap: reason=bimorphic action=maybe_recompile pc=0x0000000002416aa0 method=java.util.Properties$LineReader.readLine()I @ 62
Event: 1.019 Thread 0x000000000c117000 Uncommon trap: reason=bimorphic action=maybe_recompile pc=0x0000000002416aa0 method=java.util.Properties$LineReader.readLine()I @ 62

Internal exceptions (10 events):
Event: 1.766 Thread 0x000000000c117000 Threw 0x00000007d6737c60 at C:\re\jdk7u45\229\hotspot\src\share\vm\prims\jvm.cpp:1244
Event: 1.766 Thread 0x000000000c117000 Threw 0x00000007d673cac8 at C:\re\jdk7u45\229\hotspot\src\share\vm\prims\jvm.cpp:1244
Event: 1.769 Thread 0x000000000c117000 Threw 0x00000007d6748d48 at C:\re\jdk7u45\229\hotspot\src\share\vm\prims\jvm.cpp:1244
Event: 1.771 Thread 0x000000000c117000 Threw 0x00000007d6750908 at C:\re\jdk7u45\229\hotspot\src\share\vm\prims\jvm.cpp:1244
Event: 1.772 Thread 0x000000000c117000 Threw 0x00000007d6f28d70 at C:\re\jdk7u45\229\hotspot\src\share\vm\prims\jvm.cpp:1244
Event: 3.041 Thread 0x000000000c117000 Threw 0x00000007d6f87ab8 at C:\re\jdk7u45\229\hotspot\src\share\vm\prims\jvm.cpp:1244
Event: 3.041 Thread 0x000000000c117000 Threw 0x00000007d6f8abc0 at C:\re\jdk7u45\229\hotspot\src\share\vm\prims\jvm.cpp:1244
Event: 3.044 Thread 0x000000000c117000 Threw 0x00000007d6f951f0 at C:\re\jdk7u45\229\hotspot\src\share\vm\prims\jvm.cpp:1244
Event: 3.045 Thread 0x000000000c117000 Threw 0x00000007d6f9d6d0 at C:\re\jdk7u45\229\hotspot\src\share\vm\prims\jvm.cpp:1244
Event: 3.046 Thread 0x000000000c117000 Threw 0x00000007d6fa0500 at C:\re\jdk7u45\229\hotspot\src\share\vm\prims\jvm.cpp:1244

Events (10 events):
Event: 3.042 loading class 0x000000000c057cc0
Event: 3.042 loading class 0x000000000c057cc0 done
Event: 3.042 loading class 0x000000000a68bbe0
Event: 3.043 loading class 0x000000000a68bbe0 done
Event: 3.044 loading class 0x000000000c2fce60
Event: 3.044 loading class 0x000000000c2fce60 done
Event: 3.045 loading class 0x000000000da080f0
Event: 3.045 loading class 0x000000000da080f0 done
Event: 3.046 loading class 0x000000000da07eb0
Event: 3.046 loading class 0x000000000da07eb0 done


Dynamic libraries:
0x00007ff61da60000 - 0x00007ff61da93000 	C:\Program Files\Java\jdk1.7.0_45\bin\java.exe
0x00007ffa5b310000 - 0x00007ffa5b4bd000 	C:\Windows\SYSTEM32\ntdll.dll
0x00007ffa5adf0000 - 0x00007ffa5af2e000 	C:\Windows\system32\KERNEL32.DLL
0x00007ffa58820000 - 0x00007ffa58936000 	C:\Windows\system32\KERNELBASE.dll
0x00007ffa567f0000 - 0x00007ffa5687e000 	C:\Windows\system32\apphelp.dll
0x00007ffa53cd0000 - 0x00007ffa53d23000 	C:\Windows\AppPatch\AppPatch64\AcGenral.DLL
0x00007ffa5ad40000 - 0x00007ffa5adea000 	C:\Windows\system32\msvcrt.dll
0x00007ffa58610000 - 0x00007ffa5863e000 	C:\Windows\system32\SspiCli.dll
0x00007ffa5a900000 - 0x00007ffa5a954000 	C:\Windows\system32\SHLWAPI.dll
0x00007ffa5aff0000 - 0x00007ffa5b167000 	C:\Windows\system32\USER32.dll
0x00007ffa5b170000 - 0x00007ffa5b304000 	C:\Windows\system32\ole32.dll
0x00007ffa58a20000 - 0x00007ffa59f4c000 	C:\Windows\system32\SHELL32.dll
0x00007ffa579c0000 - 0x00007ffa579e1000 	C:\Windows\SYSTEM32\USERENV.dll
0x00007ffa5a700000 - 0x00007ffa5a7aa000 	C:\Windows\system32\ADVAPI32.dll
0x00007ffa4b5f0000 - 0x00007ffa4b60e000 	C:\Windows\SYSTEM32\MPR.dll
0x00007ffa5a3a0000 - 0x00007ffa5a4e0000 	C:\Windows\system32\RPCRT4.dll
0x00007ffa5ace0000 - 0x00007ffa5ad39000 	C:\Windows\SYSTEM32\sechost.dll
0x00007ffa5a180000 - 0x00007ffa5a392000 	C:\Windows\SYSTEM32\combase.dll
0x00007ffa59f50000 - 0x00007ffa5a09b000 	C:\Windows\system32\GDI32.dll
0x00007ffa58440000 - 0x00007ffa58455000 	C:\Windows\SYSTEM32\profapi.dll
0x00007ffa56d20000 - 0x00007ffa56dd2000 	C:\Windows\SYSTEM32\SHCORE.dll
0x00007ffa5a4e0000 - 0x00007ffa5a516000 	C:\Windows\system32\IMM32.DLL
0x00007ffa5ab20000 - 0x00007ffa5ac71000 	C:\Windows\system32\MSCTF.dll
0x00007ffa568a0000 - 0x00007ffa56b1b000 	C:\Windows\WinSxS\amd64_microsoft.windows.common-controls_6595b64144ccf1df_6.0.9600.18006_none_623f33d3ecbe86e8\COMCTL32.dll
0x00000000622f0000 - 0x00000000623c2000 	C:\Program Files\Java\jdk1.7.0_45\jre\bin\msvcr100.dll
0x00000000623d0000 - 0x0000000062b99000 	C:\Program Files\Java\jdk1.7.0_45\jre\bin\server\jvm.dll
0x00007ffa56520000 - 0x00007ffa56529000 	C:\Windows\SYSTEM32\WSOCK32.dll
0x00007ffa528f0000 - 0x00007ffa52912000 	C:\Windows\SYSTEM32\WINMM.dll
0x00007ffa5a0a0000 - 0x00007ffa5a0a7000 	C:\Windows\system32\PSAPI.DLL
0x00007ffa5ac80000 - 0x00007ffa5acda000 	C:\Windows\system32\WS2_32.dll
0x00007ffa52710000 - 0x00007ffa5273a000 	C:\Windows\SYSTEM32\WINMMBASE.dll
0x00007ffa589a0000 - 0x00007ffa589a9000 	C:\Windows\system32\NSI.dll
0x00007ffa58510000 - 0x00007ffa5855f000 	C:\Windows\SYSTEM32\cfgmgr32.dll
0x00007ffa57260000 - 0x00007ffa57288000 	C:\Windows\SYSTEM32\DEVOBJ.dll
0x00000000622a0000 - 0x00000000622af000 	C:\Program Files\Java\jdk1.7.0_45\jre\bin\verify.dll
0x0000000062270000 - 0x0000000062298000 	C:\Program Files\Java\jdk1.7.0_45\jre\bin\java.dll
0x0000000062250000 - 0x0000000062265000 	C:\Program Files\Java\jdk1.7.0_45\jre\bin\zip.dll
0x0000000062070000 - 0x0000000062205000 	C:\Program Files\Java\jdk1.7.0_45\jre\bin\awt.dll
0x00007ffa5a0b0000 - 0x00007ffa5a176000 	C:\Windows\system32\OLEAUT32.dll
0x00007ffa56b20000 - 0x00007ffa56b41000 	C:\Windows\system32\DWMAPI.DLL
0x00007ffa570e0000 - 0x00007ffa57209000 	C:\Windows\system32\uxtheme.dll
0x00007ffa57090000 - 0x00007ffa5709b000 	C:\Windows\SYSTEM32\kernel.appcore.dll
0x00007ffa58310000 - 0x00007ffa5831b000 	C:\Windows\SYSTEM32\CRYPTBASE.dll
0x00007ffa582a0000 - 0x00007ffa58303000 	C:\Windows\SYSTEM32\bcryptPrimitives.dll
0x0000000062020000 - 0x0000000062066000 	C:\Program Files\Java\jdk1.7.0_45\jre\bin\fontmanager.dll
0x00007ffa5af30000 - 0x00007ffa5afe6000 	C:\Windows\SYSTEM32\clbcatq.dll
0x00007ffa504c0000 - 0x00007ffa5066e000 	C:\Windows\SYSTEM32\WindowsCodecs.dll
0x00007ffa57c90000 - 0x00007ffa57cb0000 	C:\Windows\SYSTEM32\CRYPTSP.dll
0x00007ffa578b0000 - 0x00007ffa578e6000 	C:\Windows\system32\rsaenh.dll
0x00007ffa57f80000 - 0x00007ffa57fa6000 	C:\Windows\SYSTEM32\bcrypt.dll
0x0000000062230000 - 0x0000000062249000 	C:\Program Files\Java\jdk1.7.0_45\jre\bin\net.dll
0x00007ffa57c30000 - 0x00007ffa57c89000 	C:\Windows\system32\mswsock.dll
0x0000000062210000 - 0x0000000062221000 	C:\Program Files\Java\jdk1.7.0_45\jre\bin\nio.dll
0x0000000061fd0000 - 0x0000000062011000 	C:\Program Files\Java\jdk1.7.0_45\jre\bin\t2k.dll
0x00007ffa52460000 - 0x00007ffa52475000 	C:\Windows\system32\napinsp.dll
0x00007ffa520f0000 - 0x00007ffa5210a000 	C:\Windows\system32\pnrpnsp.dll
0x00007ffa54f20000 - 0x00007ffa54f3b000 	C:\Windows\system32\NLAapi.dll
0x00007ffa57a30000 - 0x00007ffa57ad4000 	C:\Windows\SYSTEM32\DNSAPI.dll
0x00007ffa524f0000 - 0x00007ffa524fd000 	C:\Windows\System32\winrnr.dll
0x00007ffa52510000 - 0x00007ffa5251a000 	C:\Windows\System32\rasadhlp.dll
0x00007ffa53bd0000 - 0x00007ffa53bfa000 	C:\Windows\SYSTEM32\IPHLPAPI.DLL
0x00007ffa53b90000 - 0x00007ffa53b9a000 	C:\Windows\SYSTEM32\WINNSI.DLL
0x00007ffa535c0000 - 0x00007ffa5362b000 	C:\Windows\System32\fwpuclnt.dll
0x000000006d580000 - 0x000000006d63d000 	C:\Users\nishant.vibhute.WEBACCESS\AppData\Local\Temp\sqlite-3.8.11.2-00b74ee4-528a-4147-b013-3aad2e2f8079-sqlitejdbc.dll
0x00007ffa513b0000 - 0x00007ffa51539000 	C:\Windows\SYSTEM32\dbghelp.dll

VM Arguments:
jvm_args: -Dfile.encoding=UTF-8 
java_command: com.vollyball.controller.Controller
Launcher Type: SUN_STANDARD

Environment Variables:
JAVA_HOME=C:\Program Files\Java\jdk1.7.0_45
PATH=C:\ProgramData\Oracle\Java\javapath;C:\Windows\system32;C:\Windows;C:\Windows\System32\Wbem;C:\Windows\System32\WindowsPowerShell\v1.0\;C:\Program Files (x86)\PuTTY\;C:\Program Files\TortoiseSVN\bin;C:\Program Files\Microsoft SQL Server\Client SDK\ODBC\110\Tools\Binn\;C:\Program Files (x86)\Microsoft SQL Server\120\Tools\Binn\ManagementStudio\;C:\Program Files (x86)\Microsoft SQL Server\120\Tools\Binn\;C:\Program Files\Microsoft SQL Server\120\Tools\Binn\;C:\Program Files (x86)\Microsoft SQL Server\120\DTS\Binn\;C:\Program Files\Microsoft SQL Server\120\DTS\Binn\;C:\Program Files\Java\jdk1.7.0_45\bin;C:\Program Files\MySQL\MySQL Server 5.5\bin;C:\Program Files\Git\cmd;C:\Program Files\TortoiseGit\bin
USERNAME=nishant.vibhute
OS=Windows_NT
PROCESSOR_IDENTIFIER=Intel64 Family 6 Model 58 Stepping 9, GenuineIntel



---------------  S Y S T E M  ---------------

OS: Windows 8 , 64 bit Build 9200 

CPU:total 4 (4 cores per cpu, 1 threads per core) family 6 model 58 stepping 9, cmov, cx8, fxsr, mmx, sse, sse2, sse3, ssse3, sse4.1, sse4.2, popcnt, avx, aes, erms, tsc, tscinvbit, tscinv

Memory: 4k page, physical 8260812k(3670204k free), swap 10161356k(4633388k free)

vm_info: Java HotSpot(TM) 64-Bit Server VM (24.45-b08) for windows-amd64 JRE (1.7.0_45-b18), built on Oct  8 2013 05:47:22 by "java_re" with unknown MS VC++:1600

time: Thu May 31 14:03:36 2018
elapsed time: 3 seconds

