#
# A fatal error has been detected by the Java Runtime Environment:
#
#  EXCEPTION_ACCESS_VIOLATION (0xc0000005) at pc=0x00000000624eb2ac, pid=4692, tid=4632
#
# JRE version: Java(TM) SE Runtime Environment (7.0_45-b18) (build 1.7.0_45-b18)
# Java VM: Java HotSpot(TM) 64-Bit Server VM (24.45-b08 mixed mode windows-amd64 compressed oops)
# Problematic frame:
# V  [jvm.dll+0x11b2ac]
#
# Failed to write core dump. Minidumps are not enabled by default on client versions of Windows
#
# If you would like to submit a bug report, please visit:
#   http://bugreport.sun.com/bugreport/crash.jsp
#

---------------  T H R E A D  ---------------

Current thread (0x000000000cad3800):  JavaThread "AWT-EventQueue-0" [_thread_in_vm, id=4632, stack(0x000000000d7e0000,0x000000000d8e0000)]

siginfo: ExceptionCode=0xc0000005, reading address 0x0000000000000000

Registers:
RAX=0x0000000000000000, RBX=0x000000000cad3800, RCX=0x0000000000000380, RDX=0x0000000000000000
RSP=0x000000000d8dc9c0, RBP=0x000000000d8dcb40, RSI=0x0000000000000000, RDI=0x0000000000000000
R8 =0x0000000000000000, R9 =0x000000077d54bdd8, R10=0x0000000002a1aa1e, R11=0x00000000625af900
R12=0x000000000dced628, R13=0x000000077d5495a0, R14=0x0000000000000000, R15=0x000000000cad3800
RIP=0x00000000624eb2ac, EFLAGS=0x0000000000010246

Top of Stack: (sp=0x000000000d8dc9c0)
0x000000000d8dc9c0:   000000000d8dd9a8 000000000ca43678
0x000000000d8dc9d0:   000000000cad3800 00000000624f10d9
0x000000000d8dc9e0:   000000000cad3800 0000000000000000
0x000000000d8dc9f0:   00000000efadd11d 000000000d8dca90
0x000000000d8dca00:   000000000d8dcb40 000000077d5495a0
0x000000000d8dca10:   000000000dced628 000000006d58204d
0x000000000d8dca20:   000000000cad39e8 000000000d8dcb40
0x000000000d8dca30:   0000000000000000 0000000040200021
0x000000000d8dca40:   0000000002a05410 0000000000000000
0x000000000d8dca50:   000000000d8dcb18 000000000d8dcac8
0x000000000d8dca60:   000000077d5495a8 00000000efadd11d
0x000000000d8dca70:   0000000040200021 000000000d8dcb18
0x000000000d8dca80:   0000000000000000 0000000002a1aa4a
0x000000000d8dca90:   000000000d8dcb18 0000000002a1a60d
0x000000000d8dcaa0:   000000077d5495a8 00000000efadd11d
0x000000000d8dcab0:   0000000040200021 0000000002a168ec 

Instructions: (pc=0x00000000624eb2ac)
0x00000000624eb28c:   00 00 06 00 00 00 48 89 5c 24 20 48 89 7c 24 28
0x00000000624eb29c:   48 39 7b 08 74 0a 48 8d 4c 24 20 e8 24 fa 10 00
0x00000000624eb2ac:   48 8b 36 48 8b ce e8 b9 90 f3 ff 40 38 3d c2 19
0x00000000624eb2bc:   63 00 4c 63 e0 74 0a 33 c9 e8 06 d1 12 00 48 8b 


Register to memory mapping:

RAX=0x0000000000000000 is an unknown value
RBX=0x000000000cad3800 is a thread
RCX=0x0000000000000380 is an unknown value
RDX=0x0000000000000000 is an unknown value
RSP=0x000000000d8dc9c0 is pointing into the stack for thread: 0x000000000cad3800
RBP=0x000000000d8dcb40 is pointing into the stack for thread: 0x000000000cad3800
RSI=0x0000000000000000 is an unknown value
RDI=0x0000000000000000 is an unknown value
R8 =0x0000000000000000 is an unknown value
R9 =0x000000077d54bdd8 is an oop
{instance class} 
 - klass: {other class}
R10=0x0000000002a1aa1e is at code_begin+1822 in an Interpreter codelet
method entry point (kind = native_synchronized)  [0x0000000002a1a300, 0x0000000002a1b3e0]  4320 bytes
R11=0x00000000625af900 is an unknown value
R12=0x000000000dced628 is an unknown value
R13=0x000000077d5495a0 is pointing into object: 0x000000077d549560
{constMethod} 
 - klass: {other class}
 - constants:       0x000000077d548660 constant pool [163] for 'org/sqlite/core/NativeDB' cache=0x000000077d645bf8
R14=0x0000000000000000 is an unknown value
R15=0x000000000cad3800 is a thread


Stack: [0x000000000d7e0000,0x000000000d8e0000],  sp=0x000000000d8dc9c0,  free space=1010k
Native frames: (J=compiled Java code, j=interpreted, Vv=VM code, C=native code)
V  [jvm.dll+0x11b2ac]

Java frames: (J=compiled Java code, j=interpreted, Vv=VM code)
j  org.sqlite.core.NativeDB.prepare(Ljava/lang/String;)J+0
j  org.sqlite.core.DB.prepare(Lorg/sqlite/core/CoreStatement;)V+21
j  org.sqlite.core.CorePreparedStatement.<init>(Lorg/sqlite/SQLiteConnection;Ljava/lang/String;)V+15
j  org.sqlite.jdbc3.JDBC3PreparedStatement.<init>(Lorg/sqlite/SQLiteConnection;Ljava/lang/String;)V+3
j  org.sqlite.jdbc4.JDBC4PreparedStatement.<init>(Lorg/sqlite/SQLiteConnection;Ljava/lang/String;)V+3
j  org.sqlite.jdbc4.JDBC4Connection.prepareStatement(Ljava/lang/String;III)Ljava/sql/PreparedStatement;+21
j  org.sqlite.jdbc3.JDBC3Connection.prepareStatement(Ljava/lang/String;II)Ljava/sql/PreparedStatement;+5
j  org.sqlite.jdbc3.JDBC3Connection.prepareStatement(Ljava/lang/String;)Ljava/sql/PreparedStatement;+8
j  com.vollyball.dao.MatchDao.isTeamSelected(I)I+22
j  com.vollyball.panels.PanMatchEvaluationHome.<init>(I)V+101
j  com.vollyball.dialog.CreateMatchEvaluationDialog.createPane()Ljava/awt/Container;+8
j  com.vollyball.dialog.CreateMatchEvaluationDialog.init()V+34
j  com.vollyball.panels.PanMatchRow.jPanel1MouseClicked(Ljava/awt/event/MouseEvent;)V+17
j  com.vollyball.panels.PanMatchRow.access$000(Lcom/vollyball/panels/PanMatchRow;Ljava/awt/event/MouseEvent;)V+2
j  com.vollyball.panels.PanMatchRow$1.mouseClicked(Ljava/awt/event/MouseEvent;)V+5
j  java.awt.Component.processMouseEvent(Ljava/awt/event/MouseEvent;)V+74
j  javax.swing.JComponent.processMouseEvent(Ljava/awt/event/MouseEvent;)V+23
j  java.awt.Component.processEvent(Ljava/awt/AWTEvent;)V+81
j  java.awt.Container.processEvent(Ljava/awt/AWTEvent;)V+18
j  java.awt.Component.dispatchEventImpl(Ljava/awt/AWTEvent;)V+581
j  java.awt.Container.dispatchEventImpl(Ljava/awt/AWTEvent;)V+42
j  java.awt.Component.dispatchEvent(Ljava/awt/AWTEvent;)V+2
j  java.awt.LightweightDispatcher.retargetMouseEvent(Ljava/awt/Component;ILjava/awt/event/MouseEvent;)V+327
j  java.awt.LightweightDispatcher.processMouseEvent(Ljava/awt/event/MouseEvent;)Z+157
j  java.awt.LightweightDispatcher.dispatchEvent(Ljava/awt/AWTEvent;)Z+50
j  java.awt.Container.dispatchEventImpl(Ljava/awt/AWTEvent;)V+12
j  java.awt.Window.dispatchEventImpl(Ljava/awt/AWTEvent;)V+19
j  java.awt.Component.dispatchEvent(Ljava/awt/AWTEvent;)V+2
j  java.awt.EventQueue.dispatchEventImpl(Ljava/awt/AWTEvent;Ljava/lang/Object;)V+41
j  java.awt.EventQueue.access$200(Ljava/awt/EventQueue;Ljava/awt/AWTEvent;Ljava/lang/Object;)V+3
j  java.awt.EventQueue$3.run()Ljava/lang/Void;+12
j  java.awt.EventQueue$3.run()Ljava/lang/Object;+1
v  ~StubRoutines::call_stub
j  java.security.AccessController.doPrivileged(Ljava/security/PrivilegedAction;Ljava/security/AccessControlContext;)Ljava/lang/Object;+0
j  java.security.ProtectionDomain$1.doIntersectionPrivilege(Ljava/security/PrivilegedAction;Ljava/security/AccessControlContext;Ljava/security/AccessControlContext;)Ljava/lang/Object;+28
j  java.security.ProtectionDomain$1.doIntersectionPrivilege(Ljava/security/PrivilegedAction;Ljava/security/AccessControlContext;)Ljava/lang/Object;+6
j  java.awt.EventQueue$4.run()Ljava/lang/Void;+11
j  java.awt.EventQueue$4.run()Ljava/lang/Object;+1
v  ~StubRoutines::call_stub
j  java.security.AccessController.doPrivileged(Ljava/security/PrivilegedAction;Ljava/security/AccessControlContext;)Ljava/lang/Object;+0
j  java.security.ProtectionDomain$1.doIntersectionPrivilege(Ljava/security/PrivilegedAction;Ljava/security/AccessControlContext;Ljava/security/AccessControlContext;)Ljava/lang/Object;+28
j  java.awt.EventQueue.dispatchEvent(Ljava/awt/AWTEvent;)V+73
j  java.awt.EventDispatchThread.pumpOneEventForFilters(I)V+245
j  java.awt.EventDispatchThread.pumpEventsForFilter(ILjava/awt/Conditional;Ljava/awt/EventFilter;)V+35
j  java.awt.EventDispatchThread.pumpEventsForHierarchy(ILjava/awt/Conditional;Ljava/awt/Component;)V+11
j  java.awt.EventDispatchThread.pumpEvents(ILjava/awt/Conditional;)V+4
j  java.awt.EventDispatchThread.pumpEvents(Ljava/awt/Conditional;)V+3
j  java.awt.EventDispatchThread.run()V+9
v  ~StubRoutines::call_stub

---------------  P R O C E S S  ---------------

Java Threads: ( => current thread )
  0x000000000cc6d800 JavaThread "TimerQueue" daemon [_thread_blocked, id=5900, stack(0x000000000e2c0000,0x000000000e3c0000)]
  0x000000000cbce800 JavaThread "org.netbeans.modules.debugger.jpda.visual AWT Access Loop" daemon [_thread_blocked, id=976, stack(0x000000000e1c0000,0x000000000e2c0000)]
  0x0000000002903800 JavaThread "DestroyJavaVM" [_thread_blocked, id=5192, stack(0x0000000002780000,0x0000000002880000)]
=>0x000000000cad3800 JavaThread "AWT-EventQueue-0" [_thread_in_vm, id=4632, stack(0x000000000d7e0000,0x000000000d8e0000)]
  0x000000000ca40000 JavaThread "AWT-Windows" daemon [_thread_in_native, id=2520, stack(0x000000000d160000,0x000000000d260000)]
  0x000000000ca3f800 JavaThread "AWT-Shutdown" [_thread_blocked, id=5260, stack(0x000000000d060000,0x000000000d160000)]
  0x000000000ca3d800 JavaThread "Java2D Disposer" daemon [_thread_blocked, id=704, stack(0x000000000cf60000,0x000000000d060000)]
  0x000000000ad0a800 JavaThread "Service Thread" daemon [_thread_blocked, id=5124, stack(0x000000000c740000,0x000000000c840000)]
  0x000000000ad08000 JavaThread "C2 CompilerThread1" daemon [_thread_blocked, id=2684, stack(0x000000000c640000,0x000000000c740000)]
  0x000000000ad07000 JavaThread "C2 CompilerThread0" daemon [_thread_blocked, id=5936, stack(0x000000000c540000,0x000000000c640000)]
  0x000000000acf1800 JavaThread "JDWP Command Reader" daemon [_thread_in_native, id=5020, stack(0x000000000c440000,0x000000000c540000)]
  0x000000000acee800 JavaThread "JDWP Event Helper Thread" daemon [_thread_blocked, id=2564, stack(0x000000000c340000,0x000000000c440000)]
  0x000000000ace1000 JavaThread "JDWP Transport Listener: dt_shmem" daemon [_thread_blocked, id=864, stack(0x000000000c240000,0x000000000c340000)]
  0x000000000acdb000 JavaThread "Attach Listener" daemon [_thread_blocked, id=6040, stack(0x000000000c140000,0x000000000c240000)]
  0x000000000acd7800 JavaThread "Signal Dispatcher" daemon [_thread_blocked, id=5868, stack(0x000000000c040000,0x000000000c140000)]
  0x000000000aca1800 JavaThread "Finalizer" daemon [_thread_blocked, id=3856, stack(0x000000000bf40000,0x000000000c040000)]
  0x000000000ac96800 JavaThread "Reference Handler" daemon [_thread_blocked, id=4688, stack(0x000000000be40000,0x000000000bf40000)]

Other Threads:
  0x000000000ac95000 VMThread [stack: 0x000000000bd40000,0x000000000be40000] [id=3056]
  0x000000000ad1c800 WatcherThread [stack: 0x000000000c840000,0x000000000c940000] [id=3504]

VM state:not at safepoint (normal execution)

VM Mutex/Monitor currently owned by a thread: None

Heap
 PSYoungGen      total 37888K, used 21894K [0x00000007d5f00000, 0x00000007d8900000, 0x0000000800000000)
  eden space 32768K, 60% used [0x00000007d5f00000,0x00000007d7237d60,0x00000007d7f00000)
  from space 5120K, 43% used [0x00000007d7f00000,0x00000007d8129af8,0x00000007d8400000)
  to   space 5120K, 0% used [0x00000007d8400000,0x00000007d8400000,0x00000007d8900000)
 ParOldGen       total 86016K, used 15701K [0x0000000781e00000, 0x0000000787200000, 0x00000007d5f00000)
  object space 86016K, 18% used [0x0000000781e00000,0x0000000782d55730,0x0000000787200000)
 PSPermGen       total 21504K, used 12866K [0x000000077cc00000, 0x000000077e100000, 0x0000000781e00000)
  object space 21504K, 59% used [0x000000077cc00000,0x000000077d890880,0x000000077e100000)

Card table byte_map: [0x0000000005ac0000,0x0000000005ee0000] byte_map_base: 0x0000000001eda000

Polling page: 0x0000000000e20000

Code Cache  [0x0000000002a00000, 0x0000000002c70000, 0x0000000005a00000)
 total_blobs=508 nmethods=74 adapters=394 free_code_cache=48460Kb largest_free_block=49593792

Compilation events (10 events):
Event: 3.455 Thread 0x000000000ad08000   71             java.awt.Component::getTreeLock (4 bytes)
Event: 3.455 Thread 0x000000000ad08000 nmethod 71 0x0000000002a9a850 code [0x0000000002a9a980, 0x0000000002a9a9f8]
Event: 3.455 Thread 0x000000000ad07000   72             java.util.HashMap::get (29 bytes)
Event: 3.458 Thread 0x000000000ad07000 nmethod 72 0x0000000002a99110 code [0x0000000002a99280, 0x0000000002a994f8]
Event: 3.460 Thread 0x000000000ad08000   73             javax.swing.GroupLayout$Spring::constrain (8 bytes)
Event: 3.461 Thread 0x000000000ad08000 nmethod 73 0x0000000002a9a650 code [0x0000000002a9a780, 0x0000000002a9a7f8]
Event: 3.674 Thread 0x000000000ad07000   74             java.awt.Container::findComponentAtImpl (315 bytes)
Event: 3.701 Thread 0x000000000ad07000 nmethod 74 0x0000000002ab0490 code [0x0000000002ab06c0, 0x0000000002ab1988]
Event: 4.077 Thread 0x000000000ad08000   75             java.awt.Toolkit$SelectiveAWTEventListener::eventDispatched (745 bytes)
Event: 4.084 Thread 0x000000000ad08000 nmethod 75 0x0000000002ab2b50 code [0x0000000002ab2d00, 0x0000000002ab3898]

GC Heap History (2 events):
Event: 2.785 GC heap before
{Heap before GC invocations=1 (full 0):
 PSYoungGen      total 37888K, used 32768K [0x00000007d5f00000, 0x00000007d8900000, 0x0000000800000000)
  eden space 32768K, 100% used [0x00000007d5f00000,0x00000007d7f00000,0x00000007d7f00000)
  from space 5120K, 0% used [0x00000007d8400000,0x00000007d8400000,0x00000007d8900000)
  to   space 5120K, 0% used [0x00000007d7f00000,0x00000007d7f00000,0x00000007d8400000)
 ParOldGen       total 86016K, used 0K [0x0000000781e00000, 0x0000000787200000, 0x00000007d5f00000)
  object space 86016K, 0% used [0x0000000781e00000,0x0000000781e00000,0x0000000787200000)
 PSPermGen       total 21504K, used 12670K [0x000000077cc00000, 0x000000077e100000, 0x0000000781e00000)
  object space 21504K, 58% used [0x000000077cc00000,0x000000077d85f9e0,0x000000077e100000)
Event: 2.794 GC heap after
Heap after GC invocations=1 (full 0):
 PSYoungGen      total 37888K, used 2214K [0x00000007d5f00000, 0x00000007d8900000, 0x0000000800000000)
  eden space 32768K, 0% used [0x00000007d5f00000,0x00000007d5f00000,0x00000007d7f00000)
  from space 5120K, 43% used [0x00000007d7f00000,0x00000007d8129af8,0x00000007d8400000)
  to   space 5120K, 0% used [0x00000007d8400000,0x00000007d8400000,0x00000007d8900000)
 ParOldGen       total 86016K, used 15701K [0x0000000781e00000, 0x0000000787200000, 0x00000007d5f00000)
  object space 86016K, 18% used [0x0000000781e00000,0x0000000782d55730,0x0000000787200000)
 PSPermGen       total 21504K, used 12670K [0x000000077cc00000, 0x000000077e100000, 0x0000000781e00000)
  object space 21504K, 58% used [0x000000077cc00000,0x000000077d85f9e0,0x000000077e100000)
}

Deoptimization events (2 events):
Event: 2.013 Thread 0x000000000cad3800 Uncommon trap: reason=bimorphic action=maybe_recompile pc=0x0000000002a86920 method=java.util.Properties$LineReader.readLine()I @ 62
Event: 2.013 Thread 0x000000000cad3800 Uncommon trap: reason=bimorphic action=maybe_recompile pc=0x0000000002a86920 method=java.util.Properties$LineReader.readLine()I @ 62

Internal exceptions (10 events):
Event: 2.796 Thread 0x000000000aca1800 Threw 0x00000007d60274e0 at C:\re\jdk7u45\229\hotspot\src\share\vm\prims\jvm.cpp:1244
Event: 2.798 Thread 0x000000000aca1800 Threw 0x00000007d6031280 at C:\re\jdk7u45\229\hotspot\src\share\vm\interpreter\linkResolver.cpp:883
Event: 2.799 Thread 0x000000000cad3800 Threw 0x00000007d61974b0 at C:\re\jdk7u45\229\hotspot\src\share\vm\prims\jvm.cpp:1244
Event: 2.801 Thread 0x000000000cad3800 Threw 0x00000007d619f070 at C:\re\jdk7u45\229\hotspot\src\share\vm\prims\jvm.cpp:1244
Event: 2.803 Thread 0x000000000cad3800 Threw 0x00000007d6226bc0 at C:\re\jdk7u45\229\hotspot\src\share\vm\prims\jvm.cpp:1244
Event: 4.058 Thread 0x000000000cad3800 Threw 0x00000007d6c27d38 at C:\re\jdk7u45\229\hotspot\src\share\vm\prims\jvm.cpp:1244
Event: 4.058 Thread 0x000000000cad3800 Threw 0x00000007d6c2ae40 at C:\re\jdk7u45\229\hotspot\src\share\vm\prims\jvm.cpp:1244
Event: 4.068 Thread 0x000000000cad3800 Threw 0x00000007d6cce6d0 at C:\re\jdk7u45\229\hotspot\src\share\vm\prims\jvm.cpp:1244
Event: 4.070 Thread 0x000000000cad3800 Threw 0x00000007d6cd6bb0 at C:\re\jdk7u45\229\hotspot\src\share\vm\prims\jvm.cpp:1244
Event: 4.071 Thread 0x000000000cad3800 Threw 0x00000007d6d09d98 at C:\re\jdk7u45\229\hotspot\src\share\vm\prims\jvm.cpp:1244

Events (10 events):
Event: 11.354 Executing VM operation: ChangeSingleStep
Event: 11.354 Executing VM operation: ChangeSingleStep done
Event: 11.356 Executing VM operation: ChangeSingleStep
Event: 11.356 Executing VM operation: ChangeSingleStep done
Event: 11.356 Executing VM operation: GetCurrentLocation
Event: 11.356 Executing VM operation: GetCurrentLocation done
Event: 11.356 Executing VM operation: ChangeSingleStep
Event: 11.356 Executing VM operation: ChangeSingleStep done
Event: 11.357 Executing VM operation: ChangeSingleStep
Event: 11.357 Executing VM operation: ChangeSingleStep done


Dynamic libraries:
0x00007ff61da60000 - 0x00007ff61da93000 	C:\Program Files\Java\jdk1.7.0_45\bin\java.exe
0x00007ffa5b310000 - 0x00007ffa5b4bd000 	C:\Windows\SYSTEM32\ntdll.dll
0x00007ffa5adf0000 - 0x00007ffa5af2e000 	C:\Windows\system32\KERNEL32.DLL
0x00007ffa58820000 - 0x00007ffa58936000 	C:\Windows\system32\KERNELBASE.dll
0x00007ffa567f0000 - 0x00007ffa5687e000 	C:\Windows\system32\apphelp.dll
0x00007ffa53cd0000 - 0x00007ffa53d23000 	C:\Windows\AppPatch\AppPatch64\AcGenral.DLL
0x00007ffa5ad40000 - 0x00007ffa5adea000 	C:\Windows\system32\msvcrt.dll
0x00007ffa58610000 - 0x00007ffa5863e000 	C:\Windows\system32\SspiCli.dll
0x00007ffa5a900000 - 0x00007ffa5a954000 	C:\Windows\system32\SHLWAPI.dll
0x00007ffa5aff0000 - 0x00007ffa5b167000 	C:\Windows\system32\USER32.dll
0x00007ffa5b170000 - 0x00007ffa5b304000 	C:\Windows\system32\ole32.dll
0x00007ffa58a20000 - 0x00007ffa59f4c000 	C:\Windows\system32\SHELL32.dll
0x00007ffa579c0000 - 0x00007ffa579e1000 	C:\Windows\SYSTEM32\USERENV.dll
0x00007ffa5a700000 - 0x00007ffa5a7aa000 	C:\Windows\system32\ADVAPI32.dll
0x00007ffa4b5f0000 - 0x00007ffa4b60e000 	C:\Windows\SYSTEM32\MPR.dll
0x00007ffa5a3a0000 - 0x00007ffa5a4e0000 	C:\Windows\system32\RPCRT4.dll
0x00007ffa5ace0000 - 0x00007ffa5ad39000 	C:\Windows\SYSTEM32\sechost.dll
0x00007ffa5a180000 - 0x00007ffa5a392000 	C:\Windows\SYSTEM32\combase.dll
0x00007ffa59f50000 - 0x00007ffa5a09b000 	C:\Windows\system32\GDI32.dll
0x00007ffa58440000 - 0x00007ffa58455000 	C:\Windows\SYSTEM32\profapi.dll
0x00007ffa56d20000 - 0x00007ffa56dd2000 	C:\Windows\SYSTEM32\SHCORE.dll
0x00007ffa5a4e0000 - 0x00007ffa5a516000 	C:\Windows\system32\IMM32.DLL
0x00007ffa5ab20000 - 0x00007ffa5ac71000 	C:\Windows\system32\MSCTF.dll
0x00007ffa568a0000 - 0x00007ffa56b1b000 	C:\Windows\WinSxS\amd64_microsoft.windows.common-controls_6595b64144ccf1df_6.0.9600.18006_none_623f33d3ecbe86e8\COMCTL32.dll
0x00000000622f0000 - 0x00000000623c2000 	C:\Program Files\Java\jdk1.7.0_45\jre\bin\msvcr100.dll
0x00000000623d0000 - 0x0000000062b99000 	C:\Program Files\Java\jdk1.7.0_45\jre\bin\server\jvm.dll
0x00007ffa56520000 - 0x00007ffa56529000 	C:\Windows\SYSTEM32\WSOCK32.dll
0x00007ffa528f0000 - 0x00007ffa52912000 	C:\Windows\SYSTEM32\WINMM.dll
0x00007ffa5a0a0000 - 0x00007ffa5a0a7000 	C:\Windows\system32\PSAPI.DLL
0x00007ffa5ac80000 - 0x00007ffa5acda000 	C:\Windows\system32\WS2_32.dll
0x00007ffa52710000 - 0x00007ffa5273a000 	C:\Windows\SYSTEM32\WINMMBASE.dll
0x00007ffa589a0000 - 0x00007ffa589a9000 	C:\Windows\system32\NSI.dll
0x00007ffa58510000 - 0x00007ffa5855f000 	C:\Windows\SYSTEM32\cfgmgr32.dll
0x00007ffa57260000 - 0x00007ffa57288000 	C:\Windows\SYSTEM32\DEVOBJ.dll
0x00000000622a0000 - 0x00000000622af000 	C:\Program Files\Java\jdk1.7.0_45\jre\bin\verify.dll
0x0000000062270000 - 0x0000000062298000 	C:\Program Files\Java\jdk1.7.0_45\jre\bin\java.dll
0x0000000061f40000 - 0x0000000061f75000 	C:\Program Files\Java\jdk1.7.0_45\jre\bin\jdwp.dll
0x0000000061f30000 - 0x0000000061f38000 	C:\Program Files\Java\jdk1.7.0_45\jre\bin\npt.dll
0x0000000062250000 - 0x0000000062265000 	C:\Program Files\Java\jdk1.7.0_45\jre\bin\zip.dll
0x0000000061f80000 - 0x0000000061f8b000 	C:\Program Files\Java\jdk1.7.0_45\jre\bin\dt_shmem.dll
0x0000000062070000 - 0x0000000062205000 	C:\Program Files\Java\jdk1.7.0_45\jre\bin\awt.dll
0x00007ffa5a0b0000 - 0x00007ffa5a176000 	C:\Windows\system32\OLEAUT32.dll
0x00007ffa56b20000 - 0x00007ffa56b41000 	C:\Windows\system32\DWMAPI.DLL
0x00007ffa570e0000 - 0x00007ffa57209000 	C:\Windows\system32\uxtheme.dll
0x00007ffa57090000 - 0x00007ffa5709b000 	C:\Windows\SYSTEM32\kernel.appcore.dll
0x00007ffa58310000 - 0x00007ffa5831b000 	C:\Windows\SYSTEM32\CRYPTBASE.dll
0x00007ffa582a0000 - 0x00007ffa58303000 	C:\Windows\SYSTEM32\bcryptPrimitives.dll
0x0000000062020000 - 0x0000000062066000 	C:\Program Files\Java\jdk1.7.0_45\jre\bin\fontmanager.dll
0x00007ffa5af30000 - 0x00007ffa5afe6000 	C:\Windows\SYSTEM32\clbcatq.dll
0x00007ffa504c0000 - 0x00007ffa5066e000 	C:\Windows\SYSTEM32\WindowsCodecs.dll
0x00007ffa57c90000 - 0x00007ffa57cb0000 	C:\Windows\SYSTEM32\CRYPTSP.dll
0x00007ffa578b0000 - 0x00007ffa578e6000 	C:\Windows\system32\rsaenh.dll
0x00007ffa57f80000 - 0x00007ffa57fa6000 	C:\Windows\SYSTEM32\bcrypt.dll
0x0000000062230000 - 0x0000000062249000 	C:\Program Files\Java\jdk1.7.0_45\jre\bin\net.dll
0x00007ffa57c30000 - 0x00007ffa57c89000 	C:\Windows\system32\mswsock.dll
0x0000000062210000 - 0x0000000062221000 	C:\Program Files\Java\jdk1.7.0_45\jre\bin\nio.dll
0x0000000061fd0000 - 0x0000000062011000 	C:\Program Files\Java\jdk1.7.0_45\jre\bin\t2k.dll
0x00007ffa52460000 - 0x00007ffa52475000 	C:\Windows\system32\napinsp.dll
0x00007ffa520f0000 - 0x00007ffa5210a000 	C:\Windows\system32\pnrpnsp.dll
0x00007ffa54f20000 - 0x00007ffa54f3b000 	C:\Windows\system32\NLAapi.dll
0x00007ffa57a30000 - 0x00007ffa57ad4000 	C:\Windows\SYSTEM32\DNSAPI.dll
0x00007ffa524f0000 - 0x00007ffa524fd000 	C:\Windows\System32\winrnr.dll
0x00007ffa52510000 - 0x00007ffa5251a000 	C:\Windows\System32\rasadhlp.dll
0x00007ffa53bd0000 - 0x00007ffa53bfa000 	C:\Windows\SYSTEM32\IPHLPAPI.DLL
0x00007ffa53b90000 - 0x00007ffa53b9a000 	C:\Windows\SYSTEM32\WINNSI.DLL
0x00007ffa535c0000 - 0x00007ffa5362b000 	C:\Windows\System32\fwpuclnt.dll
0x000000006d580000 - 0x000000006d63d000 	C:\Users\nishant.vibhute.WEBACCESS\AppData\Local\Temp\sqlite-3.8.11.2-e7855a04-8132-492b-8c80-2558b3aa775c-sqlitejdbc.dll
0x00007ffa513b0000 - 0x00007ffa51539000 	C:\Windows\SYSTEM32\dbghelp.dll

VM Arguments:
jvm_args: -Xdebug -Xrunjdwp:transport=dt_shmem,address=javadebug -Dfile.encoding=UTF-8 
java_command: com.vollyball.controller.Controller
Launcher Type: SUN_STANDARD

Environment Variables:
JAVA_HOME=C:\Program Files\Java\jdk1.7.0_45
PATH=C:\ProgramData\Oracle\Java\javapath;C:\Windows\system32;C:\Windows;C:\Windows\System32\Wbem;C:\Windows\System32\WindowsPowerShell\v1.0\;C:\Program Files (x86)\PuTTY\;C:\Program Files\TortoiseSVN\bin;C:\Program Files\Microsoft SQL Server\Client SDK\ODBC\110\Tools\Binn\;C:\Program Files (x86)\Microsoft SQL Server\120\Tools\Binn\ManagementStudio\;C:\Program Files (x86)\Microsoft SQL Server\120\Tools\Binn\;C:\Program Files\Microsoft SQL Server\120\Tools\Binn\;C:\Program Files (x86)\Microsoft SQL Server\120\DTS\Binn\;C:\Program Files\Microsoft SQL Server\120\DTS\Binn\;C:\Program Files\Java\jdk1.7.0_45\bin;C:\Program Files\MySQL\MySQL Server 5.5\bin;C:\Program Files\Git\cmd;C:\Program Files\TortoiseGit\bin
USERNAME=nishant.vibhute
OS=Windows_NT
PROCESSOR_IDENTIFIER=Intel64 Family 6 Model 58 Stepping 9, GenuineIntel



---------------  S Y S T E M  ---------------

OS: Windows 8 , 64 bit Build 9200 

CPU:total 4 (4 cores per cpu, 1 threads per core) family 6 model 58 stepping 9, cmov, cx8, fxsr, mmx, sse, sse2, sse3, ssse3, sse4.1, sse4.2, popcnt, avx, aes, erms, tsc, tscinvbit, tscinv

Memory: 4k page, physical 8260812k(3621092k free), swap 10161356k(4618568k free)

vm_info: Java HotSpot(TM) 64-Bit Server VM (24.45-b08) for windows-amd64 JRE (1.7.0_45-b18), built on Oct  8 2013 05:47:22 by "java_re" with unknown MS VC++:1600

time: Thu May 31 14:04:23 2018
elapsed time: 11 seconds

